0 info it worked if it ends with ok
1 verbose cli [ 'node', '/usr/local/bin/npm', 'install', '-g' ]
2 info using npm@1.4.28
3 info using node@v0.10.35
4 verbose cache add [ '.', null ]
5 verbose cache add name=undefined spec="." args=[".",null]
6 verbose parsed url { protocol: null,
6 verbose parsed url   slashes: null,
6 verbose parsed url   auth: null,
6 verbose parsed url   host: null,
6 verbose parsed url   port: null,
6 verbose parsed url   hostname: null,
6 verbose parsed url   hash: null,
6 verbose parsed url   search: null,
6 verbose parsed url   query: null,
6 verbose parsed url   pathname: '.',
6 verbose parsed url   path: '.',
6 verbose parsed url   href: '.' }
7 silly lockFile 3a52ce78- .
8 verbose lock . /Users/Dongminator/.npm/3a52ce78-.lock
9 verbose tar pack [ '/Users/Dongminator/.npm/FTD/0.0.1/package.tgz', '.' ]
10 verbose tarball /Users/Dongminator/.npm/FTD/0.0.1/package.tgz
11 verbose folder .
12 info prepublish FTD@0.0.1
13 silly lockFile 1f1177db-tar tar://.
14 verbose lock tar://. /Users/Dongminator/.npm/1f1177db-tar.lock
15 silly lockFile eaa62abd-inator-npm-FTD-0-0-1-package-tgz tar:///Users/Dongminator/.npm/FTD/0.0.1/package.tgz
16 verbose lock tar:///Users/Dongminator/.npm/FTD/0.0.1/package.tgz /Users/Dongminator/.npm/eaa62abd-inator-npm-FTD-0-0-1-package-tgz.lock
17 silly lockFile 1f1177db-tar tar://.
18 silly lockFile 1f1177db-tar tar://.
19 silly lockFile eaa62abd-inator-npm-FTD-0-0-1-package-tgz tar:///Users/Dongminator/.npm/FTD/0.0.1/package.tgz
20 silly lockFile eaa62abd-inator-npm-FTD-0-0-1-package-tgz tar:///Users/Dongminator/.npm/FTD/0.0.1/package.tgz
21 silly lockFile e0a479e2-ongminator-npm-FTD-0-0-1-package /Users/Dongminator/.npm/FTD/0.0.1/package
22 verbose lock /Users/Dongminator/.npm/FTD/0.0.1/package /Users/Dongminator/.npm/e0a479e2-ongminator-npm-FTD-0-0-1-package.lock
23 silly lockFile e0a479e2-ongminator-npm-FTD-0-0-1-package /Users/Dongminator/.npm/FTD/0.0.1/package
24 silly lockFile e0a479e2-ongminator-npm-FTD-0-0-1-package /Users/Dongminator/.npm/FTD/0.0.1/package
25 silly lockFile 3a52ce78- .
26 silly lockFile 3a52ce78- .
27 silly resolved [ { name: 'FTD',
27 silly resolved     version: '0.0.1',
27 silly resolved     dependencies: { oauth: '0.9.12', 'body-parser': '^1.11.0', express: '4.9.x' },
27 silly resolved     engines: { node: '0.10.x' },
27 silly resolved     readme: '# ftd\nFor the dream\n\n\n\ncurl -u "ftdapp@163.com:ftddev" -d \'status=abc&annotations=[{"type2":123}]\' "http://api.t.sina.com.cn/statuses/update.json?source=2348647833"',
27 silly resolved     readmeFilename: 'README.md',
27 silly resolved     gitHead: '48bfff26f3f700de4f2f35b03c1bc14c3d5bc9b3',
27 silly resolved     description: 'For the dream',
27 silly resolved     _id: 'FTD@0.0.1',
27 silly resolved     scripts: {},
27 silly resolved     _shasum: 'f56cb87b744eee657ef4a07ac3a512390537786f',
27 silly resolved     _from: '.' } ]
28 info install FTD@0.0.1 into /usr/local/lib
29 info installOne FTD@0.0.1
30 verbose lib/node_modules/FTD unbuild
31 verbose tar unpack /Users/Dongminator/.npm/FTD/0.0.1/package.tgz
32 silly lockFile d3f19c9c-r-usr-local-lib-node-modules-FTD tar:///usr/local/lib/node_modules/FTD
33 verbose lock tar:///usr/local/lib/node_modules/FTD /Users/Dongminator/.npm/d3f19c9c-r-usr-local-lib-node-modules-FTD.lock
34 silly lockFile eaa62abd-inator-npm-FTD-0-0-1-package-tgz tar:///Users/Dongminator/.npm/FTD/0.0.1/package.tgz
35 verbose lock tar:///Users/Dongminator/.npm/FTD/0.0.1/package.tgz /Users/Dongminator/.npm/eaa62abd-inator-npm-FTD-0-0-1-package-tgz.lock
36 silly gunzTarPerm modes [ '755', '644' ]
37 error Error: EACCES, mkdir '/usr/local/lib/node_modules/FTD'
37 error  { [Error: EACCES, mkdir '/usr/local/lib/node_modules/FTD']
37 error   errno: 3,
37 error   code: 'EACCES',
37 error   path: '/usr/local/lib/node_modules/FTD',
37 error   fstream_type: 'Directory',
37 error   fstream_path: '/usr/local/lib/node_modules/FTD',
37 error   fstream_class: 'DirWriter',
37 error   fstream_stack:
37 error    [ '/usr/local/lib/node_modules/npm/node_modules/fstream/lib/dir-writer.js:36:23',
37 error      '/usr/local/lib/node_modules/npm/node_modules/mkdirp/index.js:46:53',
37 error      'Object.oncomplete (fs.js:108:15)' ] }
38 error Please try running this command again as root/Administrator.
39 error System Darwin 14.0.0
40 error command "node" "/usr/local/bin/npm" "install" "-g"
41 error cwd /Users/Dongminator/Documents/workspace/WebApp/ftd
42 error node -v v0.10.35
43 error npm -v 1.4.28
44 error path /usr/local/lib/node_modules/FTD
45 error fstream_path /usr/local/lib/node_modules/FTD
46 error fstream_type Directory
47 error fstream_class DirWriter
48 error code EACCES
49 error errno 3
50 error stack Error: EACCES, mkdir '/usr/local/lib/node_modules/FTD'
51 error fstream_stack /usr/local/lib/node_modules/npm/node_modules/fstream/lib/dir-writer.js:36:23
51 error fstream_stack /usr/local/lib/node_modules/npm/node_modules/mkdirp/index.js:46:53
51 error fstream_stack Object.oncomplete (fs.js:108:15)
52 verbose exit [ 3, true ]
